<?xml version="1.0" encoding="UTF-8"?>
<!-- Generated by org.testng.reporters.JUnitXMLReporter -->
<testsuite ignored="0" hostname="GaneshBabu" failures="0" tests="4" name="Surefire test" time="17.357" errors="0" timestamp="2023-07-19T11:44:15 IST">
  <testcase classname="api.testcases.UserTest" name="postuser" time="10.584"/>
  <testcase classname="api.testcases.UserTest" name="getuser" time="1.397"/>
  <testcase classname="api.testcases.UserTest" name="Updateuser" time="2.289"/>
  <testcase classname="api.testcases.UserTest" name="Deleteuser" time="1.172"/>
</testsuite> <!-- Surefire test -->
