<?xml version="1.0" encoding="UTF-8"?>
<!-- Generated by org.testng.reporters.JUnitXMLReporter -->
<testsuite ignored="0" hostname="GaneshBabu" failures="0" tests="8" name="Test" time="20.145" errors="0" timestamp="2023-07-19T11:40:45 IST">
  <testcase classname="api.testcases.UserTest2" name="postuser" time="8.394"/>
  <testcase classname="api.testcases.UserTest2" name="getuser" time="1.226"/>
  <testcase classname="api.testcases.UserTest2" name="Updateuser" time="2.272"/>
  <testcase classname="api.testcases.UserTest2" name="Deleteuser" time="1.181"/>
  <testcase classname="api.testcases.UserTest" name="postuser" time="1.175"/>
  <testcase classname="api.testcases.UserTest" name="getuser" time="1.129"/>
  <testcase classname="api.testcases.UserTest" name="Updateuser" time="2.205"/>
  <testcase classname="api.testcases.UserTest" name="Deleteuser" time="1.071"/>
</testsuite> <!-- Test -->
