<?xml version="1.0" encoding="UTF-8"?>
<testng-results ignored="0" total="4" passed="4" failed="0" skipped="0">
  <reporter-output>
  </reporter-output>
  <suite started-at="2023-07-19T11:43:57 IST" name="Surefire suite" finished-at="2023-07-19T11:44:15 IST" duration-ms="17357">
    <groups>
    </groups>
    <test started-at="2023-07-19T11:43:57 IST" name="Surefire test" finished-at="2023-07-19T11:44:15 IST" duration-ms="17357">
      <class name="api.testcases.UserTest">
        <test-method is-config="true" signature="setup()[pri:0, instance:api.testcases.UserTest@62e7f11d]" started-at="2023-07-19T11:43:58 IST" name="setup" finished-at="2023-07-19T11:43:59 IST" duration-ms="1572" status="PASS">
          <reporter-output>
          </reporter-output>
        </test-method> <!-- setup -->
        <test-method signature="postuser()[pri:1, instance:api.testcases.UserTest@62e7f11d]" started-at="2023-07-19T11:43:59 IST" name="postuser" finished-at="2023-07-19T11:44:10 IST" duration-ms="10584" status="PASS">
          <reporter-output>
          </reporter-output>
        </test-method> <!-- postuser -->
        <test-method signature="getuser()[pri:2, instance:api.testcases.UserTest@62e7f11d]" started-at="2023-07-19T11:44:10 IST" name="getuser" finished-at="2023-07-19T11:44:11 IST" duration-ms="1397" status="PASS">
          <reporter-output>
          </reporter-output>
        </test-method> <!-- getuser -->
        <test-method signature="Updateuser()[pri:3, instance:api.testcases.UserTest@62e7f11d]" started-at="2023-07-19T11:44:11 IST" name="Updateuser" finished-at="2023-07-19T11:44:14 IST" duration-ms="2289" status="PASS">
          <reporter-output>
          </reporter-output>
        </test-method> <!-- Updateuser -->
        <test-method signature="Deleteuser()[pri:4, instance:api.testcases.UserTest@62e7f11d]" started-at="2023-07-19T11:44:14 IST" name="Deleteuser" finished-at="2023-07-19T11:44:15 IST" duration-ms="1172" status="PASS">
          <reporter-output>
          </reporter-output>
        </test-method> <!-- Deleteuser -->
      </class> <!-- api.testcases.UserTest -->
    </test> <!-- Surefire test -->
  </suite> <!-- Surefire suite -->
</testng-results>
