<?xml version="1.0" encoding="UTF-8"?>
<testsuite xmlns:xsi="http://www.w3.org/2001/XMLSchema-instance" xsi:noNamespaceSchemaLocation="https://maven.apache.org/surefire/maven-surefire-plugin/xsd/surefire-test-report.xsd" name="api.testcases.UserTest" time="21.946" tests="4" errors="0" skipped="0" failures="0">
  <properties>
[...]
</properties>
  <testcase name="postuser" classname="api.testcases.UserTest" time="10.935"/>
  <testcase name="getuser" classname="api.testcases.UserTest" time="1.176"/>
  <testcase name="Updateuser" classname="api.testcases.UserTest" time="2.412"/>
  <testcase name="Deleteuser" classname="api.testcases.UserTest" time="3.601"/>
</testsuite>