<?xml version="1.0" encoding="UTF-8"?>
<testng-results ignored="0" total="8" passed="8" failed="0" skipped="0">
  <reporter-output>
  </reporter-output>
  <suite started-at="2023-07-19T11:40:25 IST" name="Suite" finished-at="2023-07-19T11:40:45 IST" duration-ms="20145">
    <groups>
    </groups>
    <test started-at="2023-07-19T11:40:25 IST" name="Test" finished-at="2023-07-19T11:40:45 IST" duration-ms="20145">
      <class name="api.testcases.UserTest">
        <test-method is-config="true" signature="setup()[pri:0, instance:api.testcases.UserTest@e350b40]" started-at="2023-07-19T11:40:39 IST" name="setup" finished-at="2023-07-19T11:40:40 IST" duration-ms="323" status="PASS">
          <reporter-output>
          </reporter-output>
        </test-method> <!-- setup -->
        <test-method signature="postuser()[pri:1, instance:api.testcases.UserTest@e350b40]" started-at="2023-07-19T11:40:40 IST" name="postuser" finished-at="2023-07-19T11:40:41 IST" duration-ms="1175" status="PASS">
          <reporter-output>
          </reporter-output>
        </test-method> <!-- postuser -->
        <test-method signature="getuser()[pri:2, instance:api.testcases.UserTest@e350b40]" started-at="2023-07-19T11:40:41 IST" name="getuser" finished-at="2023-07-19T11:40:42 IST" duration-ms="1129" status="PASS">
          <reporter-output>
          </reporter-output>
        </test-method> <!-- getuser -->
        <test-method signature="Updateuser()[pri:3, instance:api.testcases.UserTest@e350b40]" started-at="2023-07-19T11:40:42 IST" name="Updateuser" finished-at="2023-07-19T11:40:44 IST" duration-ms="2205" status="PASS">
          <reporter-output>
          </reporter-output>
        </test-method> <!-- Updateuser -->
        <test-method signature="Deleteuser()[pri:4, instance:api.testcases.UserTest@e350b40]" started-at="2023-07-19T11:40:44 IST" name="Deleteuser" finished-at="2023-07-19T11:40:45 IST" duration-ms="1071" status="PASS">
          <reporter-output>
          </reporter-output>
        </test-method> <!-- Deleteuser -->
      </class> <!-- api.testcases.UserTest -->
      <class name="api.testcases.UserTest2">
        <test-method is-config="true" signature="setup()[pri:0, instance:api.testcases.UserTest2@65c7a252]" started-at="2023-07-19T11:40:25 IST" name="setup" finished-at="2023-07-19T11:40:26 IST" duration-ms="978" status="PASS">
          <reporter-output>
          </reporter-output>
        </test-method> <!-- setup -->
        <test-method signature="postuser()[pri:1, instance:api.testcases.UserTest2@65c7a252]" started-at="2023-07-19T11:40:26 IST" name="postuser" finished-at="2023-07-19T11:40:34 IST" duration-ms="8394" status="PASS">
          <reporter-output>
          </reporter-output>
        </test-method> <!-- postuser -->
        <test-method signature="getuser()[pri:2, instance:api.testcases.UserTest2@65c7a252]" started-at="2023-07-19T11:40:34 IST" name="getuser" finished-at="2023-07-19T11:40:36 IST" duration-ms="1226" status="PASS">
          <reporter-output>
          </reporter-output>
        </test-method> <!-- getuser -->
        <test-method signature="Updateuser()[pri:3, instance:api.testcases.UserTest2@65c7a252]" started-at="2023-07-19T11:40:36 IST" name="Updateuser" finished-at="2023-07-19T11:40:38 IST" duration-ms="2272" status="PASS">
          <reporter-output>
          </reporter-output>
        </test-method> <!-- Updateuser -->
        <test-method signature="Deleteuser()[pri:4, instance:api.testcases.UserTest2@65c7a252]" started-at="2023-07-19T11:40:38 IST" name="Deleteuser" finished-at="2023-07-19T11:40:39 IST" duration-ms="1181" status="PASS">
          <reporter-output>
          </reporter-output>
        </test-method> <!-- Deleteuser -->
      </class> <!-- api.testcases.UserTest2 -->
    </test> <!-- Test -->
  </suite> <!-- Suite -->
</testng-results>
